2026-03-15 15:28:46 - INFO - [main.py:25] - ⚒️ Base 데이터 생성 프로세스 시작
2026-03-15 15:28:46 - INFO - [base.py:71] - 컬럼: ['FAQ', 'TITLE', 'DES']
2026-03-15 15:28:46 - INFO - [base.py:72] - 행 수: 110
2026-03-15 15:28:46 - INFO - [base.py:108] - 저장 완료: ./raw/고양시도서관_FAQ1.txt (20561 글자)
2026-03-15 15:28:46 - INFO - [base.py:109] - 미리보기:
Q: 회원증을 대리발급 할 수 있나요?
A: 회원증 대리발급은 만14세 미만 아동, 만65세 이상 어르신, 장애인, 임산부만 가능하며 아래 구비서류를 지참하여 대리인이 방문 시 대리발급이 가능합니다.

· 대상 : 만14세 미만 아동, 만65세 이상 어르신, 장애인, 임산부
· 구비서류
  - 공통 : ①위임자 신분증, ②피위임자(대리인) 신분증
  - 장애인 : 장애인 복지카드 또는 장애인 증명서
  - 임신부 : 산모수첩 / 산모 : 주민등록등본(출산 후 12개월까지)
· 방법 : 홈페이지 회원가입 후 위 항목의 해당하는 구비서류를 지참하여 피위임자(대리인)이 도서관 방문

Q: 가족회원이 무엇인가요?
A: 가족회원이란, 고양시 도서관 정회원으로 가입 후 가족회원으로 등록 시 가족명의로 도서대출·도서예약
2026-03-15 15:28:57 - INFO - [base.py:435] - 단일 임베딩 길이: 1024 | 첫 5개 값: [0.015615975484251976, -0.06612725555896759, -0.003962401766330004, -0.010326542891561985, -0.03276457637548447]
2026-03-15 15:28:57 - INFO - [base.py:438] - 배치 결과 개수: 3 | 각 길이: [1024, 1024, 1024]
2026-03-15 15:28:57 - INFO - [base.py:419] - 유효 컨텍스트 수: 126
2026-03-15 15:28:57 - WARNING - [base.py:486] - 기존 JSONL 파일을 초기화합니다: synthetic_data/synthetic_goldens.jsonl
2026-03-15 15:28:57 - INFO - [base.py:490] - 총 컨텍스트 126개를 13개 청크로 처리합니다 (청크 크기: 10)
2026-03-15 15:28:57 - INFO - [base.py:493] - [청크 1/13] 컨텍스트 10개 처리 시작
