2026-03-15 16:03:17 - INFO - [main.py:28] - ⚒️ Base 데이터 생성 프로세스 시작
2026-03-15 16:03:17 - ERROR - [base.py:68] - Excel 읽기 실패: `Import openpyxl` failed.  Use pip or conda to install the openpyxl package.
Traceback (most recent call last):
  File "C:\Users\sw\Desktop\QA-FineTune\venv\venv-RAG\Lib\site-packages\pandas\compat\_optional.py", line 158, in import_optional_dependency
    module = importlib.import_module(name)
             ^^^^^^^^^^^^^^^^^^^^^^^^^^^^^
  File "C:\Users\sw\AppData\Roaming\uv\python\cpython-3.12.3-windows-x86_64-none\Lib\importlib\__init__.py", line 90, in import_module
    return _bootstrap._gcd_import(name[level:], package, level)
           ^^^^^^^^^^^^^^^^^^^^^^^^^^^^^^^^^^^^^^^^^^^^^^^^^^^^
  File "<frozen importlib._bootstrap>", line 1387, in _gcd_import
  File "<frozen importlib._bootstrap>", line 1360, in _find_and_load
  File "<frozen importlib._bootstrap>", line 1324, in _find_and_load_unlocked
ModuleNotFoundError: No module named 'openpyxl'

The above exception was the direct cause of the following exception:

Traceback (most recent call last):
  File "C:\Users\sw\Desktop\QA-FineTune\main\data\base.py", line 63, in convert_xlsx_to_txt
    df = pd.read_excel(xlsx_path)
         ^^^^^^^^^^^^^^^^^^^^^^^^
  File "C:\Users\sw\Desktop\QA-FineTune\venv\venv-RAG\Lib\site-packages\pandas\io\excel\_base.py", line 481, in read_excel
    io = ExcelFile(
         ^^^^^^^^^^
  File "C:\Users\sw\Desktop\QA-FineTune\venv\venv-RAG\Lib\site-packages\pandas\io\excel\_base.py", line 1621, in __init__
    self._reader = self._engines[engine](
                   ^^^^^^^^^^^^^^^^^^^^^^
  File "C:\Users\sw\Desktop\QA-FineTune\venv\venv-RAG\Lib\site-packages\pandas\io\excel\_openpyxl.py", line 559, in __init__
    import_optional_dependency("openpyxl")
  File "C:\Users\sw\Desktop\QA-FineTune\venv\venv-RAG\Lib\site-packages\pandas\compat\_optional.py", line 161, in import_optional_dependency
    raise ImportError(msg) from err
ImportError: `Import openpyxl` failed.  Use pip or conda to install the openpyxl package.
2026-03-15 16:03:17 - CRITICAL - [base.py:579] - 파이프라인 실행 중 치명적 오류 발생 — 프로세스를 종료합니다: `Import openpyxl` failed.  Use pip or conda to install the openpyxl package.
Traceback (most recent call last):
  File "C:\Users\sw\Desktop\QA-FineTune\venv\venv-RAG\Lib\site-packages\pandas\compat\_optional.py", line 158, in import_optional_dependency
    module = importlib.import_module(name)
             ^^^^^^^^^^^^^^^^^^^^^^^^^^^^^
  File "C:\Users\sw\AppData\Roaming\uv\python\cpython-3.12.3-windows-x86_64-none\Lib\importlib\__init__.py", line 90, in import_module
    return _bootstrap._gcd_import(name[level:], package, level)
           ^^^^^^^^^^^^^^^^^^^^^^^^^^^^^^^^^^^^^^^^^^^^^^^^^^^^
  File "<frozen importlib._bootstrap>", line 1387, in _gcd_import
  File "<frozen importlib._bootstrap>", line 1360, in _find_and_load
  File "<frozen importlib._bootstrap>", line 1324, in _find_and_load_unlocked
ModuleNotFoundError: No module named 'openpyxl'

The above exception was the direct cause of the following exception:

Traceback (most recent call last):
  File "C:\Users\sw\Desktop\QA-FineTune\main\data\base.py", line 544, in generate_and_save_goldens_base
    convert_xlsx_to_txt(XLSX_PATH, TXT_PATH)
  File "C:\Users\sw\Desktop\QA-FineTune\main\data\base.py", line 63, in convert_xlsx_to_txt
    df = pd.read_excel(xlsx_path)
         ^^^^^^^^^^^^^^^^^^^^^^^^
  File "C:\Users\sw\Desktop\QA-FineTune\venv\venv-RAG\Lib\site-packages\pandas\io\excel\_base.py", line 481, in read_excel
    io = ExcelFile(
         ^^^^^^^^^^
  File "C:\Users\sw\Desktop\QA-FineTune\venv\venv-RAG\Lib\site-packages\pandas\io\excel\_base.py", line 1621, in __init__
    self._reader = self._engines[engine](
                   ^^^^^^^^^^^^^^^^^^^^^^
  File "C:\Users\sw\Desktop\QA-FineTune\venv\venv-RAG\Lib\site-packages\pandas\io\excel\_openpyxl.py", line 559, in __init__
    import_optional_dependency("openpyxl")
  File "C:\Users\sw\Desktop\QA-FineTune\venv\venv-RAG\Lib\site-packages\pandas\compat\_optional.py", line 161, in import_optional_dependency
    raise ImportError(msg) from err
ImportError: `Import openpyxl` failed.  Use pip or conda to install the openpyxl package.
