2026-03-10 15:43:26 - INFO - [main.py:15] - ⚒️ Base 데이터 생성 프로세스 시작
2026-03-10 15:43:26 - INFO - [base.py:69] - 컬럼: ['FAQ', 'TITLE', 'DES']
2026-03-10 15:43:26 - INFO - [base.py:70] - 행 수: 110
2026-03-10 15:43:26 - INFO - [base.py:106] - 저장 완료: ./raw/고양시도서관_FAQ1.txt (20561 글자)
2026-03-10 15:43:26 - INFO - [base.py:107] - 미리보기:
Q: 회원증을 대리발급 할 수 있나요?
A: 회원증 대리발급은 만14세 미만 아동, 만65세 이상 어르신, 장애인, 임산부만 가능하며 아래 구비서류를 지참하여 대리인이 방문 시 대리발급이 가능합니다.

· 대상 : 만14세 미만 아동, 만65세 이상 어르신, 장애인, 임산부
· 구비서류
  - 공통 : ①위임자 신분증, ②피위임자(대리인) 신분증
  - 장애인 : 장애인 복지카드 또는 장애인 증명서
  - 임신부 : 산모수첩 / 산모 : 주민등록등본(출산 후 12개월까지)
· 방법 : 홈페이지 회원가입 후 위 항목의 해당하는 구비서류를 지참하여 피위임자(대리인)이 도서관 방문

Q: 가족회원이 무엇인가요?
A: 가족회원이란, 고양시 도서관 정회원으로 가입 후 가족회원으로 등록 시 가족명의로 도서대출·도서예약
2026-03-10 15:43:38 - INFO - [base.py:411] - 단일 임베딩 길이: 1024 | 첫 5개 값: [0.015615975484251976, -0.06612725555896759, -0.003962401766330004, -0.010326542891561985, -0.03276457637548447]
2026-03-10 15:43:38 - INFO - [base.py:414] - 배치 결과 개수: 3 | 각 길이: [1024, 1024, 1024]
2026-03-10 15:43:38 - INFO - [base.py:395] - 유효 컨텍스트 수: 126
2026-03-10 15:43:38 - WARNING - [base.py:463] - 기존 JSONL 파일을 초기화합니다: synthetic_data/synthetic_goldens.jsonl
2026-03-10 15:43:38 - INFO - [base.py:467] - 총 컨텍스트 126개를 13개 청크로 처리합니다 (청크 크기: 10)
2026-03-10 15:43:38 - INFO - [base.py:470] - [청크 1/13] 컨텍스트 10개 처리 시작
2026-03-10 15:44:37 - INFO - [base.py:495] - [청크 1/13] 10개 저장 완료 (누적: 10개) → synthetic_data/synthetic_goldens.jsonl
2026-03-10 15:44:37 - INFO - [base.py:503] - 
=== 첫 번째 Golden 미리보기 ===
Input: 링크를 클릭하여 도서관 회원가입 페이지에 즉시 접근할 수 있나요?
Expected Output: 네, 제공된 링크를 클릭하면 즉시 도서관 회원가입 페이지에 접근할 수 있습니다. [링크]: https://www.goyanglib.or.kr/center/program/memberJoinType.do
Context: ['회원가입 바로가기\nhttps://www.goyanglib.or.kr/center/program/memberJoinType.do']
2026-03-10 15:44:37 - INFO - [base.py:470] - [청크 2/13] 컨텍스트 10개 처리 시작
2026-03-10 15:45:03 - INFO - [base.py:495] - [청크 2/13] 10개 저장 완료 (누적: 20개) → synthetic_data/synthetic_goldens.jsonl
2026-03-10 15:45:03 - INFO - [base.py:470] - [청크 3/13] 컨텍스트 10개 처리 시작
2026-03-10 15:45:43 - INFO - [base.py:495] - [청크 3/13] 10개 저장 완료 (누적: 30개) → synthetic_data/synthetic_goldens.jsonl
2026-03-10 15:45:43 - INFO - [base.py:470] - [청크 4/13] 컨텍스트 10개 처리 시작
2026-03-10 15:46:12 - INFO - [base.py:495] - [청크 4/13] 10개 저장 완료 (누적: 40개) → synthetic_data/synthetic_goldens.jsonl
2026-03-10 15:46:12 - INFO - [base.py:470] - [청크 5/13] 컨텍스트 10개 처리 시작
2026-03-10 15:46:48 - INFO - [base.py:495] - [청크 5/13] 10개 저장 완료 (누적: 50개) → synthetic_data/synthetic_goldens.jsonl
2026-03-10 15:46:48 - INFO - [base.py:470] - [청크 6/13] 컨텍스트 10개 처리 시작
2026-03-10 15:47:45 - INFO - [base.py:495] - [청크 6/13] 10개 저장 완료 (누적: 60개) → synthetic_data/synthetic_goldens.jsonl
2026-03-10 15:47:45 - INFO - [base.py:470] - [청크 7/13] 컨텍스트 10개 처리 시작
2026-03-10 15:48:33 - INFO - [base.py:495] - [청크 7/13] 10개 저장 완료 (누적: 70개) → synthetic_data/synthetic_goldens.jsonl
2026-03-10 15:48:33 - INFO - [base.py:470] - [청크 8/13] 컨텍스트 10개 처리 시작
2026-03-10 15:49:00 - INFO - [base.py:495] - [청크 8/13] 10개 저장 완료 (누적: 80개) → synthetic_data/synthetic_goldens.jsonl
2026-03-10 15:49:00 - INFO - [base.py:470] - [청크 9/13] 컨텍스트 10개 처리 시작
2026-03-10 15:49:30 - INFO - [base.py:495] - [청크 9/13] 10개 저장 완료 (누적: 90개) → synthetic_data/synthetic_goldens.jsonl
2026-03-10 15:49:30 - INFO - [base.py:470] - [청크 10/13] 컨텍스트 10개 처리 시작
2026-03-10 15:50:03 - INFO - [base.py:495] - [청크 10/13] 10개 저장 완료 (누적: 100개) → synthetic_data/synthetic_goldens.jsonl
2026-03-10 15:50:03 - INFO - [base.py:470] - [청크 11/13] 컨텍스트 10개 처리 시작
2026-03-10 15:50:27 - INFO - [base.py:495] - [청크 11/13] 10개 저장 완료 (누적: 110개) → synthetic_data/synthetic_goldens.jsonl
2026-03-10 15:50:27 - INFO - [base.py:470] - [청크 12/13] 컨텍스트 10개 처리 시작
2026-03-10 15:50:58 - INFO - [base.py:495] - [청크 12/13] 10개 저장 완료 (누적: 120개) → synthetic_data/synthetic_goldens.jsonl
2026-03-10 15:50:58 - INFO - [base.py:470] - [청크 13/13] 컨텍스트 6개 처리 시작
2026-03-10 15:51:31 - INFO - [base.py:495] - [청크 13/13] 6개 저장 완료 (누적: 126개) → synthetic_data/synthetic_goldens.jsonl
2026-03-10 15:51:31 - INFO - [base.py:509] - 파이프라인 완료 — 총 126개 저장, 실패 청크: 없음
2026-03-10 15:51:31 - INFO - [main.py:17] - ⚒️ Evolution 데이터 생성 프로세스 시작
2026-03-10 15:51:31 - INFO - [evolution.py:67] - 컬럼: ['FAQ', 'TITLE', 'DES']
2026-03-10 15:51:31 - INFO - [evolution.py:68] - 행 수: 110
2026-03-10 15:51:31 - INFO - [evolution.py:103] - 저장 완료: ./raw/고양시도서관_FAQ1.txt (20561 글자)
2026-03-10 15:51:31 - INFO - [evolution.py:104] - 미리보기:
Q: 회원증을 대리발급 할 수 있나요?
A: 회원증 대리발급은 만14세 미만 아동, 만65세 이상 어르신, 장애인, 임산부만 가능하며 아래 구비서류를 지참하여 대리인이 방문 시 대리발급이 가능합니다.

· 대상 : 만14세 미만 아동, 만65세 이상 어르신, 장애인, 임산부
· 구비서류
  - 공통 : ①위임자 신분증, ②피위임자(대리인) 신분증
  - 장애인 : 장애인 복지카드 또는 장애인 증명서
  - 임신부 : 산모수첩 / 산모 : 주민등록등본(출산 후 12개월까지)
· 방법 : 홈페이지 회원가입 후 위 항목의 해당하는 구비서류를 지참하여 피위임자(대리인)이 도서관 방문

Q: 가족회원이 무엇인가요?
A: 가족회원이란, 고양시 도서관 정회원으로 가입 후 가족회원으로 등록 시 가족명의로 도서대출·도서예약
2026-03-10 15:51:31 - INFO - [evolution.py:357] - 단일 임베딩 길이: 1024 | 첫 5개 값: [0.015615975484251976, -0.06612725555896759, -0.003962401766330004, -0.010326542891561985, -0.03276457637548447]
2026-03-10 15:51:31 - INFO - [evolution.py:359] - 배치 결과 개수: 3 | 각 길이: [1024, 1024, 1024]
2026-03-10 15:51:31 - INFO - [evolution.py:341] - 유효 컨텍스트 수: 126
2026-03-10 15:51:31 - INFO - [evolution.py:419] - 총 컨텍스트 126개를 13개 청크로 처리합니다 (청크 크기: 10)
2026-03-10 15:51:31 - INFO - [evolution.py:425] - [청크 1/13] 컨텍스트 10개 처리 시작
2026-03-10 15:52:13 - INFO - [evolution.py:385] - 생성된 질문 유형: original             | input: 회원가입 바로가기' 링크 클릭으로 도서관 회원가입 페이지에 즉시 접속하세요.
2026-03-10 15:52:13 - INFO - [evolution.py:385] - 생성된 질문 유형: original             | input: 만 14세 미만 어린이가 휴대폰 없이 안전하게 홈페이지에 가입하려면 어떤 대체 인증 방법을 활용해야 할까요?
2026-03-10 15:52:13 - INFO - [evolution.py:385] - 생성된 질문 유형: original             | input: 가족회원 등록 시 가족임을 증명할 수 있는 서류는 무엇이며, 정회원 가입은 필수인가요?
2026-03-10 15:52:13 - INFO - [evolution.py:385] - 생성된 질문 유형: original             | input: 고양시 내 모든 시립 및 공립작은도서관에서 신분증을 제시하면 분실한 회원증 재발급이 가능한가요?
2026-03-10 15:52:13 - INFO - [evolution.py:385] - 생성된 질문 유형: original             | input: 온라인으로 정회원 자격을 얻으려는 경기도 거주자가 인증 후 [온라인 정회원 신청]을 완료하면, 즉시 온라인 
2026-03-10 15:52:13 - INFO - [evolution.py:385] - 생성된 질문 유형: original             | input: 보호자는 어린이 회원 가입 시 휴대폰 인증을 거쳐 아이핀 생성을 어떻게 승인해야 하나요?
2026-03-10 15:52:13 - INFO - [evolution.py:385] - 생성된 질문 유형: original             | input: 고양시 도서관 정회원이 되기 위한 준회원에서 정회원 전환 구체적 절차는 무엇인가요?
2026-03-10 15:52:13 - INFO - [evolution.py:385] - 생성된 질문 유형: original             | input: 만14세 미만 아동, 만65세 이상 어르신, 장애인, 임산부 중 누가 회원증 대리발급 혜택을 받을 수 있으며
2026-03-10 15:52:13 - INFO - [evolution.py:385] - 생성된 질문 유형: original             | input: 경기도에 거주하며 경기도 내 기업이나 대학에서 일하거나 재학 중인 개인이 정회원 자격을 얻으려면, 조직의 활
2026-03-10 15:52:13 - INFO - [evolution.py:385] - 생성된 질문 유형: original             | input: 각 대상 그룹(아동, 어르신, 장애인, 임산부)이 도서관 특별 이용 혜택을 받기 위해 필요한 서류와 절차를 
2026-03-10 15:52:13 - INFO - [evolution.py:453] - [청크 1/13] 10개 저장 완료 (누적: 10개) → synthetic_data/synthetic_goldens_evolution.jsonl
2026-03-10 15:52:13 - INFO - [evolution.py:461] - 
=== 첫 번째 Golden 미리보기 ===
Input: 회원가입 바로가기' 링크 클릭으로 도서관 회원가입 페이지에 즉시 접속하세요.
Expected Output: 링크를 클릭하시면 바로 도서관 회원가입 페이지로 이동됩니다: [회원가입 바로가기](https://www.goyanglib.or.kr/center/program/memberJoinType.do)
Context: ['회원가입 바로가기\nhttps://www.goyanglib.or.kr/center/program/memberJoinType.do']
2026-03-10 15:52:13 - INFO - [evolution.py:425] - [청크 2/13] 컨텍스트 10개 처리 시작
2026-03-10 15:52:58 - INFO - [evolution.py:385] - 생성된 질문 유형: original             | input: 연체료 발생 가능성과 올바른 반납 절차는 무엇인가요? 작은도서관 대출 책은 어디로 반납해야 하나요?
2026-03-10 15:52:58 - INFO - [evolution.py:385] - 생성된 질문 유형: original             | input: 고양시도서관센터 회원증과 시립도서관 전용 회원증의 이용 가능 시설 차이는 무엇인가요? 특히 공립작은도서관 이
2026-03-10 15:52:58 - INFO - [evolution.py:385] - 생성된 질문 유형: original             | input: 스마트 도서관 책을 잘못된 기기에 반납했을 때, 상호대차 서비스나 책누리 시스템에 어떤 영향이 발생할까요?
2026-03-10 15:52:58 - INFO - [evolution.py:385] - 생성된 질문 유형: original             | input: 추가 인증 도입 시, 회원증 방문 발급에 필요한 서류 항목은 어떻게 구체화될까요?
2026-03-10 15:52:58 - INFO - [evolution.py:385] - 생성된 질문 유형: original             | input: 실시간 전자책 및 소장 도서 검색 기능 도입으로 이용자의 도서 접근성과 편의성이 어떻게 향상될까요?
2026-03-10 15:52:58 - INFO - [evolution.py:385] - 생성된 질문 유형: original             | input: 사립 작은도서관 등록 시 필요한 서류와 절차를 정확히 따르려면 도서관센터 홈페이지의 '사립작은도서관 등록신청
2026-03-10 15:52:58 - INFO - [evolution.py:385] - 생성된 질문 유형: original             | input: 고양시 스마트 도서관 이용을 위해 회원증 발급 절차와 필요 서류는 무엇이며, 몇 권까지 대출 가능한가요?
2026-03-10 15:52:58 - INFO - [evolution.py:385] - 생성된 질문 유형: original             | input: 고양시에 새로운 사립 작은도서관이 설립될 경우, 지역 단체와 개인이 각기 다른 운영 모델을 채택할 수 있습니
2026-03-10 15:52:58 - INFO - [evolution.py:385] - 생성된 질문 유형: original             | input: 새로운 주거복합시설이 완공되어 기존 사립 작은도서관 근처에 위치한다면, 면적과 시설 유형 요건을 어떻게 충족
2026-03-10 15:52:58 - INFO - [evolution.py:385] - 생성된 질문 유형: original             | input: 경상북도 내유의 구체적인 위치와 특징을 가진 관산 지역 작은도서관은 무엇인가요?
2026-03-10 15:52:58 - INFO - [evolution.py:453] - [청크 2/13] 10개 저장 완료 (누적: 20개) → synthetic_data/synthetic_goldens_evolution.jsonl
2026-03-10 15:52:58 - INFO - [evolution.py:425] - [청크 3/13] 컨텍스트 10개 처리 시작
2026-03-10 15:53:51 - INFO - [evolution.py:385] - 생성된 질문 유형: original             | input: 상호대차를 통해 개인이 동시에 신청 가능한 최대 도서 대출 권수는 몇 권인가요?
2026-03-10 15:53:51 - INFO - [evolution.py:385] - 생성된 질문 유형: original             | input: 상호대차 도서 수령 후 도착 안내 메시지 수신 다음날부터 몇 일 이내에 반납해야 자동 취소를 피할 수 있나요
2026-03-10 15:53:51 - INFO - [evolution.py:385] - 생성된 질문 유형: original             | input: 알림톡으로 도서 도착 확인 후 상호대차 신청 가능하지만, 전환 시 원래 예약 복구 불가능. 언제든 로그인 후
2026-03-10 15:53:51 - INFO - [evolution.py:385] - 생성된 질문 유형: original             | input: 기존 스마트도서관 위치 역들(지축, 삼송, 원당, 화정, 마두, 주엽, 대화, 일산, 고양시청, 백마) 주변
2026-03-10 15:53:51 - INFO - [evolution.py:385] - 생성된 질문 유형: original             | input: 고양시 도서관 회원 중 스마트도서관 이용 패턴은 어떤 연령대와 독서 취향에 따라 달라지며, 이는 도서관 자원
2026-03-10 15:53:51 - INFO - [evolution.py:385] - 생성된 질문 유형: original             | input: 대출정지 상태 후 신청제한 기간이 끝나면 즉시 상호대차 이용 가능한가? 연체 기록이 없는 경우와 비교해 설명
2026-03-10 15:53:51 - INFO - [evolution.py:385] - 생성된 질문 유형: original             | input: 임산부와 12개월 이하 자녀를 둔 부모 중 누가 주요 수혜자이며, 이 서비스를 통해 얻는 구체적인 이점은 무
2026-03-10 15:53:51 - INFO - [evolution.py:385] - 생성된 질문 유형: original             | input: 일반 이용자가 책나래 서비스를 이용하려면 고양시 도서관 회원가입 후 장애인 증빙 없이 책나래 홈페이지에 등록
2026-03-10 15:53:51 - INFO - [evolution.py:385] - 생성된 질문 유형: original             | input: 도서관 시스템에서 상호대차 제한이 어떤 자료 상태와 유형에 따라 발생하는지, 그 메커니즘을 구체적으로 설명하
2026-03-10 15:53:51 - INFO - [evolution.py:385] - 생성된 질문 유형: original             | input: 각 도서관의 휴관 일정과 그 이유를 파악하고, 시립도서관 휴관일에 별꿈도서관 및 작은도서관의 상호대차 서비스
2026-03-10 15:53:51 - INFO - [evolution.py:453] - [청크 3/13] 10개 저장 완료 (누적: 30개) → synthetic_data/synthetic_goldens_evolution.jsonl
2026-03-10 15:53:51 - INFO - [evolution.py:425] - [청크 4/13] 컨텍스트 10개 처리 시작
2026-03-10 15:54:24 - INFO - [evolution.py:385] - 생성된 질문 유형: original             | input: 고양시 도서관의 독서동아리 등록 기준에서 정기 활동을 위한 최소 구성원 수는 몇 명 이상이어야 하는지 구체적
2026-03-10 15:54:24 - INFO - [evolution.py:385] - 생성된 질문 유형: original             | input: 각 평일 휴관일(금요일)과 일반 영업일(월~목)에 도서관 이용 신청 시 메시지 도착 시점은 어떻게 달라지는지
2026-03-10 15:54:24 - INFO - [evolution.py:385] - 생성된 질문 유형: original             | input: 월요일 휴관 시 신청 시 알림 및 실제 이용까지의 시간 차이를 분석하세요. 특히, 신청 후 화요일 오후 메시
2026-03-10 15:54:24 - INFO - [evolution.py:385] - 생성된 질문 유형: original             | input: 로그인 후 도서검색, 상호대차 가능 확인, 수령 도서관 선택, 신청 완료 후 도착 알림을 통해 방문하여 도서
2026-03-10 15:54:24 - INFO - [evolution.py:385] - 생성된 질문 유형: original             | input: 북스타트 참여를 위해, 도서관 내 신청 창구를 확인하고, 온라인 플랫폼에서도 가능합니다. 절차는 개인 정보 
2026-03-10 15:54:24 - INFO - [evolution.py:385] - 생성된 질문 유형: original             | input: 어떤 테마의 독서문화 프로그램이 독서 습관 개선에 가장 효과적인지 분석하고, 그 이유를 설명하세요.
2026-03-10 15:54:24 - INFO - [evolution.py:385] - 생성된 질문 유형: original             | input: 고양시 내 특정 시립 도서관에서 자료 부족 시, 다른 시립 도서관과의 자료 교환 절차는 어떻게 이루어지나요?
2026-03-10 15:54:24 - INFO - [evolution.py:385] - 생성된 질문 유형: original             | input: 독서문화프로그램의 접수 상태가 접수기간 내 신청 가능 여부와 정원 마감 여부에 따라 어떻게 구분되는지 구체적
2026-03-10 15:54:24 - INFO - [evolution.py:385] - 생성된 질문 유형: original             | input: 메이커스페이스 내에서 개인 아이디어가 공유 및 협업을 거쳐 어떻게 실제 신제품으로 발전하는지 단계별로 설명하
2026-03-10 15:54:24 - INFO - [evolution.py:385] - 생성된 질문 유형: original             | input: 북스타트 프로그램은 고양 영유아에게 어떤 구체적인 도서 선물과 활동을 통해 초기 독서 흥미와 지속적 독서 습
2026-03-10 15:54:24 - INFO - [evolution.py:453] - [청크 4/13] 10개 저장 완료 (누적: 40개) → synthetic_data/synthetic_goldens_evolution.jsonl
2026-03-10 15:54:24 - INFO - [evolution.py:425] - [청크 5/13] 컨텍스트 10개 처리 시작
2026-03-10 15:54:58 - INFO - [evolution.py:385] - 생성된 질문 유형: original             | input: 분실 또는 파손된 도서에 대한 대체책으로 동일 권종일 경우 재구매하고, 구입 불가 시 사서가 추천하는 유사 
2026-03-10 15:54:58 - INFO - [evolution.py:385] - 생성된 질문 유형: original             | input: 연체일 수에 따른 도서관별 대출정지 메커니즘과 고양시 내 다른 도서관 간 연체 제한 연계 방식은 어떻게 이루
2026-03-10 15:54:58 - INFO - [evolution.py:385] - 생성된 질문 유형: original             | input: 고양시의 무인반납함 설치 역에서만 특정 도서를 반납 가능하며, 대화역~화정역 중 어디인지와 제외 도서 종류는
2026-03-10 15:54:58 - INFO - [evolution.py:385] - 생성된 질문 유형: original             | input: 고양시도서관 회원이 무인예약대출기로 특정 도서를 예약하고 언제 어디서든 대출하는 구체적인 단계는 무엇인가요?
2026-03-10 15:54:58 - INFO - [evolution.py:385] - 생성된 질문 유형: original             | input: 신원, 화정, 행신, 마두, 식사, 덕이, 주엽 어린이 도서관에서 어린이 및 일반 도서 최대 몇 권 예약 가
2026-03-10 15:54:58 - INFO - [evolution.py:385] - 생성된 질문 유형: original             | input: 휴일에 3호선과 경의중앙선 주변의 구체적인 지하철 무인반납함 위치는 어디인가요? (대화, 주엽, 마두, 백석
2026-03-10 15:54:58 - INFO - [evolution.py:385] - 생성된 질문 유형: original             | input: 대출 중인 도서 예약을 위해 홈페이지에서 도서 선택 후 [예약하기] 클릭 절차와 예약 확인 후 3일 이내 도
2026-03-10 15:54:58 - INFO - [evolution.py:385] - 생성된 질문 유형: original             | input: AI 도입 후 도서관 무인 예약 대출 프로세스에서 로그인부터 SMS 수령까지의 단계 변화와 효율성 향상은 어
2026-03-10 15:54:58 - INFO - [evolution.py:385] - 생성된 질문 유형: original             | input: 고양시 회원이 고양시 내 모든 도서관에서 최대 몇 권까지 책을 대출 가능하며, 기본 대출 기간과 연장 시 최
2026-03-10 15:54:58 - INFO - [evolution.py:385] - 생성된 질문 유형: original             | input: 모든 시립도서관에서 도서 반납 가능하지만, 별꿈도서관, 작은도서관, 스마트도서관은 제외됩니다. DVD와 책꾸
2026-03-10 15:54:58 - INFO - [evolution.py:453] - [청크 5/13] 10개 저장 완료 (누적: 50개) → synthetic_data/synthetic_goldens_evolution.jsonl
2026-03-10 15:54:58 - INFO - [evolution.py:425] - [청크 6/13] 컨텍스트 10개 처리 시작
2026-03-10 15:55:47 - INFO - [evolution.py:385] - 생성된 질문 유형: original             | input: 전자책 예약 알림을 위해 먼저 어떤 앱을 설치해야 할지, 구체적으로 알려주세요. 특히 교보문고 전자도서관 앱
2026-03-10 15:55:47 - INFO - [evolution.py:385] - 생성된 질문 유형: original             | input: 효율적인 자료 활용을 위해, 지정 PC를 통한 원문 검색 후 복사카드 구매 없이도 여러 논문을 인쇄하는 최적
2026-03-10 15:55:47 - INFO - [evolution.py:385] - 생성된 질문 유형: original             | input: 혁신적인 디지털 자료 시스템 도입을 제안하려면, 도서관 이용자 증가 추세를 고려할 때 [건의사항] 게시판에 
2026-03-10 15:55:47 - INFO - [evolution.py:385] - 생성된 질문 유형: original             | input: 도서관소개 > 찾아오시는길' 섹션에서 대중교통 이용 시 가장 효율적인 경로와 함께 특정 도서관의 주소와 약도
2026-03-10 15:55:47 - INFO - [evolution.py:385] - 생성된 질문 유형: original             | input: 크레마 터치, 샤인, 카르타, 카르타 플러스, 사운드 모델에서 YES24 서비스 접속 불가 이유와 신규 시스
2026-03-10 15:55:47 - INFO - [evolution.py:385] - 생성된 질문 유형: original             | input: 『사서에게 물어보세요』는 온라인 질의에 즉시 답변함으로써, 어떤 방식으로 이용자의 지식 접근성을 향상시키고 
2026-03-10 15:55:47 - INFO - [evolution.py:385] - 생성된 질문 유형: original             | input: 『사서에게 물어보세요』는 어떻게 도서관 간 협력을 통해 국민의 실시간 지식 접근을 확대하고, 정보 공유 문화
2026-03-10 15:55:47 - INFO - [evolution.py:385] - 생성된 질문 유형: original             | input: PC와 모바일 '리브로피아' 앱을 통한 고양시 전자책도서관 이용 최적화 방법 비교: 각 플랫폼의 설치 및 주
2026-03-10 15:55:47 - INFO - [evolution.py:385] - 생성된 질문 유형: original             | input: 어느 도서관의 열람실이 하절기(3월~10월) 07:00~23:00, 동절기(11월~2월) 08:00~23:0
2026-03-10 15:55:47 - INFO - [evolution.py:385] - 생성된 질문 유형: original             | input: 링크된 서비스 페이지에서 세금 신고 가이드와 연계하여 복잡한 세금 규정을 어떻게 쉽게 이해하고 적용할 수 있
2026-03-10 15:55:47 - INFO - [evolution.py:453] - [청크 6/13] 10개 저장 완료 (누적: 60개) → synthetic_data/synthetic_goldens_evolution.jsonl
2026-03-10 15:55:47 - INFO - [evolution.py:425] - [청크 7/13] 컨텍스트 10개 처리 시작
2026-03-10 15:56:40 - INFO - [evolution.py:385] - 생성된 질문 유형: original             | input: 일요일이 법정공휴일과 겹쳐 휴관일로 지정되면, 해당 공휴일에 열리는 지역 축제와 병행하여 별꿈도서관 이용 가
2026-03-10 15:56:40 - INFO - [evolution.py:385] - 생성된 질문 유형: original             | input: 희망도서 신청 시 온라인 외에 직접 방문해야 하는 주요 절차는 무엇인가요?
2026-03-10 15:56:40 - INFO - [evolution.py:385] - 생성된 질문 유형: original             | input: 화정도서관의 위치 특성과 주변 지역 이용 패턴을 고려한 주요 이용 시간대는 언제인가요?
2026-03-10 15:56:40 - INFO - [evolution.py:385] - 생성된 질문 유형: original             | input: 화정도서관의 휴관일은 매주 금요일 정기 휴관이며, 법정 공휴일, 관공서 휴관일, 국가 임시 공휴일(일요일 제
2026-03-10 15:56:40 - INFO - [evolution.py:385] - 생성된 질문 유형: original             | input: 고양 도서관 시설 예약 시, 홈페이지의 특정 메뉴 링크를 통해 신청 절차를 상세히 확인하고 진행할 수 있습니
2026-03-10 15:56:40 - INFO - [evolution.py:385] - 생성된 질문 유형: original             | input: 어떤 도서관의 위탁 사물함을 이용하려면 사용료 지불과 사용 등록은 어떻게 이루어지며, 아람누리를 제외한 도서
2026-03-10 15:56:40 - INFO - [evolution.py:385] - 생성된 질문 유형: original             | input: 각 자료실(종합, 어린이, 책이음1, 책이음2)의 평일과 주말별 구체적인 운영 시간은 어떻게 다른가?
2026-03-10 15:56:40 - INFO - [evolution.py:385] - 생성된 질문 유형: original             | input: 각 도서관의 휴관 일정은 관공서 공휴일 규정에 따라 일요일 제외 공휴일로 정해지며, 특히 행신, 원당 등은 
2026-03-10 15:56:40 - INFO - [evolution.py:385] - 생성된 질문 유형: original             | input: 고양시립도서관에 기증 불가능한 책 유형은 무엇이며, 각 기준은 무엇인가요? (15단어 이내)
2026-03-10 15:56:40 - INFO - [evolution.py:385] - 생성된 질문 유형: original             | input: 어떤 학술적 가치와 적합성 기준이 수험서, 학습교재, 오락성 출판물, 부적절한 형태의 책(스프링 제본, 색칠
2026-03-10 15:56:40 - INFO - [evolution.py:453] - [청크 7/13] 10개 저장 완료 (누적: 70개) → synthetic_data/synthetic_goldens_evolution.jsonl
2026-03-10 15:56:40 - INFO - [evolution.py:425] - [청크 8/13] 컨텍스트 10개 처리 시작
2026-03-10 15:57:11 - INFO - [evolution.py:385] - 생성된 질문 유형: original             | input: 행신도서관 어린이자료실의 평일과 주말 운영 시간 구체적 차이점은 무엇인가요?
2026-03-10 15:57:11 - INFO - [evolution.py:385] - 생성된 질문 유형: original             | input: 원당복합커뮤티니센터 개관 이후 원당도서관의 정확한 개관 예정일은 언제인가요? (2028년 10월 이후)
2026-03-10 15:57:11 - INFO - [evolution.py:385] - 생성된 질문 유형: original             | input: 주말 자료실 이용 시간 변화 요인은 무엇이며, 구체적인 시간은 언제부터 언제까지인가요?
2026-03-10 15:57:11 - INFO - [evolution.py:385] - 생성된 질문 유형: original             | input: 주말에 방문객이 급증하는 별꿈도서관, 평일과 비교해 이용 시간대는 어떻게 달라질까요?
2026-03-10 15:57:11 - INFO - [evolution.py:385] - 생성된 질문 유형: original             | input: 원당도서관의 현재 휴관 상태와 2028년 10월 개관 계획이 시설 이용에 미치는 영향은 무엇인가요?
2026-03-10 15:57:11 - INFO - [evolution.py:385] - 생성된 질문 유형: original             | input: 2028년 10월 원당복합커뮤티니센터 개관 후, 원당도서관의 일일 평균 이용 시간 변화 예상은?
2026-03-10 15:57:11 - INFO - [evolution.py:385] - 생성된 질문 유형: original             | input: 일요일이 법정공휴일과 겹쳐 휴관일로 변경되면, 지역 주민들은 언제 도서관을 이용할 수 있을지 예측하고 대체 
2026-03-10 15:57:11 - INFO - [evolution.py:385] - 생성된 질문 유형: original             | input: 행신도서관의 운영 시간 변동 요인과 일반 이용자 패턴은 무엇이며, 특수한 운영 방침은 다른 공공도서관과 어떻
2026-03-10 15:57:11 - INFO - [evolution.py:385] - 생성된 질문 유형: original             | input: 만약 행신도서관이 올해 주요 문화 행사 기간 동안 추가 휴관일을 갖게 된다면, 이 기간 동안의 특별 휴관 일
2026-03-10 15:57:11 - INFO - [evolution.py:385] - 생성된 질문 유형: original             | input: 각 자료실(종합, 어린이, 연속간행물, 디지털, 열람실)의 계절별(하절기, 동절기) 평일 및 주말 이용 시간
2026-03-10 15:57:11 - INFO - [evolution.py:453] - [청크 8/13] 10개 저장 완료 (누적: 80개) → synthetic_data/synthetic_goldens_evolution.jsonl
2026-03-10 15:57:11 - INFO - [evolution.py:425] - [청크 9/13] 컨텍스트 10개 처리 시작
2026-03-10 15:57:38 - INFO - [evolution.py:385] - 생성된 질문 유형: original             | input: 화정어린이도서관의 평일과 주말별 구체적인 개관 및 폐관 시간은 무엇인가요?
2026-03-10 15:57:38 - INFO - [evolution.py:385] - 생성된 질문 유형: original             | input: 화정어린이도서관의 휴관 일정은 월요일과 법정공휴일, 관공서 휴관일, 국가 임시 공휴일(일요일 제외), 관장 
2026-03-10 15:57:38 - INFO - [evolution.py:385] - 생성된 질문 유형: original             | input: 주말 연장 운영이 신원도서관 이용자의 방문 빈도와 시간대별 분포에 어떤 변화를 가져올까요?
2026-03-10 15:57:38 - INFO - [evolution.py:385] - 생성된 질문 유형: original             | input: 주말 이용 시 어린이자료실과 책이음2의 시간 차이를 분석하여, 이용자의 편의성 측면에서 어느 자료실이 더 유
2026-03-10 15:57:38 - INFO - [evolution.py:385] - 생성된 질문 유형: original             | input: 주말과 평일 어린이자료실 이용 시간 차이를 통해 도서관의 주말 이용자 특성 변화를 추론하세요.
2026-03-10 15:57:38 - INFO - [evolution.py:385] - 생성된 질문 유형: original             | input: 높빛도서관은 금요일 정기 휴관 외에 법정공휴일, 관공서 휴관일, 국가 임시 공휴일(일요일 제외)에 휴관하며,
2026-03-10 15:57:38 - INFO - [evolution.py:385] - 생성된 질문 유형: original             | input: 주말 동안 삼송도서관의 이용객이 급증하는 특정 시간대가 있다면, 평일과 비교해 어떻게 달라질까요? 이용 패턴
2026-03-10 15:57:38 - INFO - [evolution.py:385] - 생성된 질문 유형: original             | input: 도서관 이용 패턴을 고려할 때, 높빛도서관의 방문객 수가 가장 많은 시간대는 주변 학교 일정과 연계하여 추정
2026-03-10 15:57:38 - INFO - [evolution.py:385] - 생성된 질문 유형: original             | input: 화정어린이도서관 평일 연장 운영 시, 예상되는 새로운 운영 시작 시간은 언제일까요? 현재 평일 시간은 오전 
2026-03-10 15:57:38 - INFO - [evolution.py:385] - 생성된 질문 유형: original             | input: 만약 삼송도서관이 올해 주요 문화 축제 기간 동안 추가 휴관일을 지정한다면, 기존 금요일 정기 휴관일과 겹치
2026-03-10 15:57:38 - INFO - [evolution.py:453] - [청크 9/13] 10개 저장 완료 (누적: 90개) → synthetic_data/synthetic_goldens_evolution.jsonl
2026-03-10 15:57:38 - INFO - [evolution.py:425] - [청크 10/13] 컨텍스트 10개 처리 시작
2026-03-10 15:58:08 - INFO - [evolution.py:385] - 생성된 질문 유형: original             | input: 행신어린이도서관의 평일 개관 및 폐관 정확한 시간은 무엇인가요?
2026-03-10 15:58:08 - INFO - [evolution.py:385] - 생성된 질문 유형: original             | input: 행신어린이도서관의 정확한 위치 주소와 긴급 연락 가능한 전화번호는 무엇인가요?
2026-03-10 15:58:08 - INFO - [evolution.py:385] - 생성된 질문 유형: original             | input: 2026년 10월 이후 백석도서관 재개관, 지역 독서 문화에 어떤 변화를 가져올까요?
2026-03-10 15:58:08 - INFO - [evolution.py:385] - 생성된 질문 유형: original             | input: 주말과 평일 시간 차이가 마두도서관 이용자의 방문 시간대와 빈도에 어떤 변화를 가져올까요?
2026-03-10 15:58:08 - INFO - [evolution.py:385] - 생성된 질문 유형: original             | input: 주말에 아람누리도서관의 모든 자료실이 동일한 시간에 개방된다면, 이용자들은 어떤 시간대에 가장 편리하게 자료
2026-03-10 15:58:08 - INFO - [evolution.py:385] - 생성된 질문 유형: original             | input: 마두도서관의 매주 금요일 정기 휴관일 외에 관장 직권으로 휴관이 결정되는 구체적인 날짜 기준은 무엇인가요?
2026-03-10 15:58:08 - INFO - [evolution.py:385] - 생성된 질문 유형: original             | input: 주말과 평일 이용 시간 차이가 아람누리도서관의 방문객 유동성과 이용률에 어떻게 영향을 주는지 분석하세요.
2026-03-10 15:58:08 - INFO - [evolution.py:385] - 생성된 질문 유형: original             | input: 만약 아람누리도서관이 중추절과 추석 연휴가 겹치는 해에 휴관한다면, 이용자들은 어떤 추가적인 정보를 확인해야
2026-03-10 15:58:08 - INFO - [evolution.py:385] - 생성된 질문 유형: original             | input: 행신어린이도서관의 휴관일은 금요일 정기 휴관 외에, 법정공휴일과 관공서 휴관일, 국가 임시 공휴일(일요일 제
2026-03-10 15:58:08 - INFO - [evolution.py:385] - 생성된 질문 유형: original             | input: 마두도서관 종합자료실과 어린이자료실의 평일/주말 이용 시간 차이 분석하고, 책이음과 북카페의 운영 시간이 다
2026-03-10 15:58:08 - INFO - [evolution.py:453] - [청크 10/13] 10개 저장 완료 (누적: 100개) → synthetic_data/synthetic_goldens_evolution.jsonl
2026-03-10 15:58:08 - INFO - [evolution.py:425] - [청크 11/13] 컨텍스트 10개 처리 시작
2026-03-10 15:58:42 - INFO - [evolution.py:385] - 생성된 질문 유형: original             | input: 언제 새로운 백석도서관 시설이 재개관되어 이용 가능해질까요?
2026-03-10 15:58:42 - INFO - [evolution.py:385] - 생성된 질문 유형: original             | input: 2026년 10월 이후 백석도서관 리모델링 완료 후 이용 가능 여부 확인 방법은?
2026-03-10 15:58:42 - INFO - [evolution.py:385] - 생성된 질문 유형: original             | input: 주말 연장 운영 시, 풍동도서관의 종합자료실 주말 이용 시간이 평일과 동일하게 연장될 경우, 기존 18시에서
2026-03-10 15:58:42 - INFO - [evolution.py:385] - 생성된 질문 유형: original             | input: 열람실 이용 시간 변화는 계절에 따라 어떻게 달라지며, 그 차이는 구체적으로 얼마인가요?
2026-03-10 15:58:42 - INFO - [evolution.py:385] - 생성된 질문 유형: original             | input: 식사도서관이 주말과 평일의 이용 시간이 다르다고 가정할 때, 평일과 주말의 구체적인 이용 가능 시간대는 어떻
2026-03-10 15:58:42 - INFO - [evolution.py:385] - 생성된 질문 유형: original             | input: 도서관 운영 시간 변동 요인과 대중 이용 패턴은 무엇이며, 풍동도서관의 독특한 운영 방침은 기존 공공 도서관
2026-03-10 15:58:42 - INFO - [evolution.py:385] - 생성된 질문 유형: original             | input: 만약 풍동도서관이 관장 직권으로 휴관을 결정한다면, 어떤 특별한 지역 행사나 시설 유지보수 기간 동안 휴관될
2026-03-10 15:58:42 - INFO - [evolution.py:385] - 생성된 질문 유형: original             | input: 식사도서관의 금요일 정기 휴관일 외에 법정공휴일, 국가 임시 공휴일(일요일 제외), 관장 지정 특별 휴관 날
2026-03-10 15:58:42 - INFO - [evolution.py:385] - 생성된 질문 유형: original             | input: 대화도서관이 법정공휴일에 문화 행사를 개최한다면, 휴관 조정은 어떻게 이루어질까요? 관장의 결정 기준은 무엇
2026-03-10 15:58:42 - INFO - [evolution.py:385] - 생성된 질문 유형: original             | input: 주말 어린이자료실이 평일보다 4시간 더 일찍 문을 닫는다면, 가족 방문 시간대가 어떻게 조정될까요? 이 변화
2026-03-10 15:58:42 - INFO - [evolution.py:453] - [청크 11/13] 10개 저장 완료 (누적: 110개) → synthetic_data/synthetic_goldens_evolution.jsonl
2026-03-10 15:58:42 - INFO - [evolution.py:425] - [청크 12/13] 컨텍스트 10개 처리 시작
2026-03-10 15:59:15 - INFO - [evolution.py:385] - 생성된 질문 유형: original             | input: 덕이도서관의 시간 조정 요인과 이용자 방문 시간대 간의 연관성은 무엇인가요?
2026-03-10 15:59:15 - INFO - [evolution.py:385] - 생성된 질문 유형: original             | input: 주말에 각 자료실(종합자료실, 연속간행물실, 디지털자료실)과 열람실의 이용 시간은 어떻게 다른가?
2026-03-10 15:59:15 - INFO - [evolution.py:385] - 생성된 질문 유형: original             | input: 가좌도서관의 구체적인 휴관 일정은 매주 금요일 정기 휴관일과 법정 공휴일, 국가 지정 임시 공휴일(일요일 제
2026-03-10 15:59:15 - INFO - [evolution.py:385] - 생성된 질문 유형: original             | input: 대화도서관의 운영 시간이 인근 대학 학기 시작과 맞물려 변경된다면, 이용자들은 주로 평일 오후와 주말에 더 
2026-03-10 15:59:15 - INFO - [evolution.py:385] - 생성된 질문 유형: original             | input: 일산 한뫼도서관이 주말과 평일의 개관 시간이 다르다고 가정할 때, 이용자들은 어떤 시간대에 주로 방문하여 효
2026-03-10 15:59:15 - INFO - [evolution.py:385] - 생성된 질문 유형: original             | input: 만약 모든 자료실이 평일과 주말 동일한 시간(09:00~18:00)에 개방된다면, 어린이자료실 이용률과 특정
2026-03-10 15:59:15 - INFO - [evolution.py:385] - 생성된 질문 유형: original             | input: 주말과 평일의 어린이자료실 이용 시간 차이 분석하고, 어린이자료실의 특히 붐비는 특징 시간대는 언제인가요?
2026-03-10 15:59:15 - INFO - [evolution.py:385] - 생성된 질문 유형: original             | input: 한뫼도서관의 휴관일은 매주 금요일 정기 휴관이며, 법정 공휴일, 관공서 휴관일, 국가 지정 임시 공휴일(일요
2026-03-10 15:59:15 - INFO - [evolution.py:385] - 생성된 질문 유형: original             | input: 덕이도서관의 휴관 패턴을 분석하여, 월요일 휴관 외에 특정 조건 하에 추가 휴관일이 어떻게 결정되는지 설명하
2026-03-10 15:59:15 - INFO - [evolution.py:385] - 생성된 질문 유형: original             | input: 가좌도서관이 평일과 주말에 각기 다른 이용자 패턴을 보인다면, 시간 조정이 필요할 때 어떻게 운영 시간을 유
2026-03-10 15:59:15 - INFO - [evolution.py:453] - [청크 12/13] 10개 저장 완료 (누적: 120개) → synthetic_data/synthetic_goldens_evolution.jsonl
2026-03-10 15:59:15 - INFO - [evolution.py:425] - [청크 13/13] 컨텍스트 6개 처리 시작
2026-03-10 15:59:47 - INFO - [evolution.py:385] - 생성된 질문 유형: original             | input: 일산도서관 어린이자료실의 운영 시간 차이를 통해 평일과 주말 이용자의 접근성 변화를 분석해 보세요.
2026-03-10 15:59:47 - INFO - [evolution.py:385] - 생성된 질문 유형: original             | input: 주엽어린이도서관의 평일과 주말에 가장 붐비는 이용 시간대는 언제인가요?
2026-03-10 15:59:47 - INFO - [evolution.py:385] - 생성된 질문 유형: original             | input: 일산도서관의 평일과 주말별 구체적인 이용 피크 시간대는 무엇인가요?
2026-03-10 15:59:47 - INFO - [evolution.py:385] - 생성된 질문 유형: original             | input: 주엽어린이도서관의 운영 시간이 동일한데, 이용 가능한 특별 구역별 시간 관리 차이는 무엇인가요?
2026-03-10 15:59:47 - INFO - [evolution.py:385] - 생성된 질문 유형: original             | input: 만약 일산도서관이 연속된 월요일과 공휴일로 인해 장기간 휴관해야 하는 상황이라면, 중복 휴관일은 어떻게 통합
2026-03-10 15:59:47 - INFO - [evolution.py:385] - 생성된 질문 유형: original             | input: 주엽어린이도서관의 휴관 패턴을 분석해: 금요일 정기 휴관 외에 법정공휴일, 국가 임시 공휴일(일요일 제외)이
2026-03-10 15:59:47 - INFO - [evolution.py:453] - [청크 13/13] 6개 저장 완료 (누적: 126개) → synthetic_data/synthetic_goldens_evolution.jsonl
2026-03-10 15:59:47 - INFO - [evolution.py:466] - 파이프라인 완료 — 총 126개 저장, 실패 청크: 없음
