2026-03-10 13:40:32 - INFO - [faq_synthesizer.py:69] - 컬럼: ['FAQ', 'TITLE', 'DES']
2026-03-10 13:40:32 - INFO - [faq_synthesizer.py:70] - 행 수: 110
2026-03-10 13:40:32 - INFO - [faq_synthesizer.py:106] - 저장 완료: ../raw/고양시도서관_FAQ1.txt (20561 글자)
2026-03-10 13:40:32 - INFO - [faq_synthesizer.py:107] - 미리보기:
Q: 회원증을 대리발급 할 수 있나요?
A: 회원증 대리발급은 만14세 미만 아동, 만65세 이상 어르신, 장애인, 임산부만 가능하며 아래 구비서류를 지참하여 대리인이 방문 시 대리발급이 가능합니다.

· 대상 : 만14세 미만 아동, 만65세 이상 어르신, 장애인, 임산부
· 구비서류
  - 공통 : ①위임자 신분증, ②피위임자(대리인) 신분증
  - 장애인 : 장애인 복지카드 또는 장애인 증명서
  - 임신부 : 산모수첩 / 산모 : 주민등록등본(출산 후 12개월까지)
· 방법 : 홈페이지 회원가입 후 위 항목의 해당하는 구비서류를 지참하여 피위임자(대리인)이 도서관 방문

Q: 가족회원이 무엇인가요?
A: 가족회원이란, 고양시 도서관 정회원으로 가입 후 가족회원으로 등록 시 가족명의로 도서대출·도서예약
2026-03-10 13:40:33 - INFO - [faq_synthesizer.py:411] - 단일 임베딩 길이: 1024 | 첫 5개 값: [0.015615975484251976, -0.06612725555896759, -0.003962401766330004, -0.010326542891561985, -0.03276457637548447]
2026-03-10 13:40:33 - INFO - [faq_synthesizer.py:414] - 배치 결과 개수: 3 | 각 길이: [1024, 1024, 1024]
2026-03-10 13:40:33 - INFO - [faq_synthesizer.py:395] - 유효 컨텍스트 수: 126
2026-03-10 13:40:33 - WARNING - [faq_synthesizer.py:462] - 기존 JSONL 파일을 초기화합니다: ../synthetic_data/synthetic_goldens.jsonl
2026-03-10 13:40:33 - INFO - [faq_synthesizer.py:466] - 총 컨텍스트 126개를 26개 청크로 처리합니다 (청크 크기: 5)
2026-03-10 13:40:33 - INFO - [faq_synthesizer.py:469] - [청크 1/26] 컨텍스트 5개 처리 시작
2026-03-10 13:41:17 - INFO - [faq_synthesizer.py:494] - [청크 1/26] 15개 저장 완료 (누적: 15개) → ../synthetic_data/synthetic_goldens.jsonl
2026-03-10 13:41:17 - INFO - [faq_synthesizer.py:502] - 
=== 첫 번째 Golden 미리보기 ===
Input: 만 14세 미만 어린이가 휴대폰 없이 안전하게 홈페이지에 가입하려면 어떤 인증 방법을 사용해야 하나요?
Expected Output: 만 14세 미만 어린이는 아이핀(I-PIN)을 이용한 본인인증을 통해 휴대폰 없이도 안전하게 홈페이지에 가입할 수 있습니다.
Context: ['Q: 핸드폰이 없는 어린이가 홈페이지 회원가입을 하려면 어떻게 해야 하나요?\nA: 본인명의 휴대폰 인증이 불가한 만14세 미만 어린이의\xa0경우 아이핀(I-PIN) 본인인증 과정을 거쳐 홈페이지 가입이 가능합니다.']
2026-03-10 13:41:17 - INFO - [faq_synthesizer.py:469] - [청크 2/26] 컨텍스트 5개 처리 시작
