2026-03-15 17:53:28 - INFO - [main.py:28] - ⚒️ Base 데이터 생성 프로세스 시작
2026-03-15 17:53:28 - INFO - [base.py:71] - 컬럼: ['FAQ', 'TITLE', 'DES']
2026-03-15 17:53:28 - INFO - [base.py:72] - 행 수: 110
2026-03-15 17:53:28 - INFO - [base.py:108] - 저장 완료: ./raw/고양시도서관_FAQ1.txt (20561 글자)
2026-03-15 17:53:28 - INFO - [base.py:109] - 미리보기:
Q: 회원증을 대리발급 할 수 있나요?
A: 회원증 대리발급은 만14세 미만 아동, 만65세 이상 어르신, 장애인, 임산부만 가능하며 아래 구비서류를 지참하여 대리인이 방문 시 대리발급이 가능합니다.

· 대상 : 만14세 미만 아동, 만65세 이상 어르신, 장애인, 임산부
· 구비서류
  - 공통 : ①위임자 신분증, ②피위임자(대리인) 신분증
  - 장애인 : 장애인 복지카드 또는 장애인 증명서
  - 임신부 : 산모수첩 / 산모 : 주민등록등본(출산 후 12개월까지)
· 방법 : 홈페이지 회원가입 후 위 항목의 해당하는 구비서류를 지참하여 피위임자(대리인)이 도서관 방문

Q: 가족회원이 무엇인가요?
A: 가족회원이란, 고양시 도서관 정회원으로 가입 후 가족회원으로 등록 시 가족명의로 도서대출·도서예약
2026-03-15 17:53:30 - INFO - [base.py:435] - 단일 임베딩 길이: 1024 | 첫 5개 값: [0.01563403382897377, -0.06608496606349945, -0.004012925550341606, -0.010335930623114109, -0.032752446830272675]
2026-03-15 17:53:30 - INFO - [base.py:438] - 배치 결과 개수: 3 | 각 길이: [1024, 1024, 1024]
2026-03-15 17:53:30 - INFO - [base.py:419] - 유효 컨텍스트 수: 126
2026-03-15 17:53:30 - INFO - [base.py:490] - 총 컨텍스트 126개를 13개 청크로 처리합니다 (청크 크기: 10)
2026-03-15 17:53:30 - INFO - [base.py:493] - [청크 1/13] 컨텍스트 10개 처리 시작
2026-03-15 17:56:18 - INFO - [base.py:518] - [청크 1/13] 20개 저장 완료 (누적: 20개) → synthetic_data\synthetic_goldens.jsonl
2026-03-15 17:56:18 - INFO - [base.py:526] - 
=== 첫 번째 Golden 미리보기 ===
Input: 고양시 도서관 회원가입 절차에 대해 설명해 주세요. 준회원과 정회원의 차이점을 포함하여 자세히 알려주세요.
Expected Output: 고양시 도서관 회원가입은 아주 쉬워요! 준회원은 홈페이지에서 간단히 가입할 수 있어요. 준회원은 도서 대출이 불가능하지만, 도서관 시설을 이용할 수 있답니다. 정회원은 조금 더 절차가 있어요. 신분증과 거주지 증명서를 가지고 도서관을 방문하면 가입할 수 있어요. 정회원은 도서 대출이 가능하고, 다양한 혜택도 받을 수 있어요! 준회원과 정회원의 가장 큰 차이는 도서 대출 가능 여부에요. 준회원은 대출이 안 되지만, 정회원은 가능해요!
Context: ['Q: 도서관 회원가입은 어떻게 하나요?\nA: 고양시 도서관 회원은 준회원(홈페이지 가입 회원) / 정회원(관외대출회원)으로 구분되며 정회원 가입대상 및 방법은 다음과 같습니다.']
2026-03-15 17:56:18 - INFO - [base.py:493] - [청크 2/13] 컨텍스트 10개 처리 시작
