2026-03-10 13:44:08 - INFO - [evolution.py:76] - 컬럼: ['FAQ', 'TITLE', 'DES']
2026-03-10 13:44:08 - INFO - [evolution.py:77] - 행 수: 110
2026-03-10 13:44:08 - INFO - [evolution.py:112] - 저장 완료: ../raw/고양시도서관_FAQ1.txt (20561 글자)
2026-03-10 13:44:08 - INFO - [evolution.py:113] - 미리보기:
Q: 회원증을 대리발급 할 수 있나요?
A: 회원증 대리발급은 만14세 미만 아동, 만65세 이상 어르신, 장애인, 임산부만 가능하며 아래 구비서류를 지참하여 대리인이 방문 시 대리발급이 가능합니다.

· 대상 : 만14세 미만 아동, 만65세 이상 어르신, 장애인, 임산부
· 구비서류
  - 공통 : ①위임자 신분증, ②피위임자(대리인) 신분증
  - 장애인 : 장애인 복지카드 또는 장애인 증명서
  - 임신부 : 산모수첩 / 산모 : 주민등록등본(출산 후 12개월까지)
· 방법 : 홈페이지 회원가입 후 위 항목의 해당하는 구비서류를 지참하여 피위임자(대리인)이 도서관 방문

Q: 가족회원이 무엇인가요?
A: 가족회원이란, 고양시 도서관 정회원으로 가입 후 가족회원으로 등록 시 가족명의로 도서대출·도서예약
2026-03-10 13:44:09 - INFO - [evolution.py:366] - 단일 임베딩 길이: 1024 | 첫 5개 값: [0.015615975484251976, -0.06612725555896759, -0.003962401766330004, -0.010326542891561985, -0.03276457637548447]
2026-03-10 13:44:09 - INFO - [evolution.py:368] - 배치 결과 개수: 3 | 각 길이: [1024, 1024, 1024]
2026-03-10 13:44:09 - INFO - [evolution.py:350] - 유효 컨텍스트 수: 126
2026-03-10 13:44:09 - WARNING - [evolution.py:420] - 기존 JSONL 파일을 초기화합니다: ../synthetic_data/synthetic_goldens_evolution.jsonl.jsonl
2026-03-10 13:44:09 - INFO - [evolution.py:428] - 총 컨텍스트 126개를 13개 청크로 처리합니다 (청크 크기: 10)
2026-03-10 13:44:09 - INFO - [evolution.py:434] - [청크 1/13] 컨텍스트 10개 처리 시작
2026-03-10 13:44:52 - INFO - [evolution.py:394] - 생성된 질문 유형: original             | input: 가족회원 등록 시 가족임을 증명할 수 있는 서류는 무엇이며, 정회원 가입은 필수인가요?
2026-03-10 13:44:52 - INFO - [evolution.py:394] - 생성된 질문 유형: original             | input: 고양시 내 시립 또는 공립작은도서관 중 어디로 신분증을 지참하여 가야 회원증 재발급을 받을 수 있나요?
2026-03-10 13:44:52 - INFO - [evolution.py:394] - 생성된 질문 유형: original             | input: 만약 도서관 회원 자격을 빠르게 획득하려면, '회원가입 바로가기' 링크를 통해 어떤 정보를 우선 입력해야 할
2026-03-10 13:44:52 - INFO - [evolution.py:394] - 생성된 질문 유형: original             | input: 만약 어린이 회원 가입 시 휴대폰 인증 절차가 강화되어 추가적인 보안 질문이 도입된다면, 이 변화가 어린이 
2026-03-10 13:44:52 - INFO - [evolution.py:394] - 생성된 질문 유형: original             | input: 경기도 거주자가 온라인으로 정회원증을 받기 위해 필요한 단계와 인증 절차는 무엇인가요?
2026-03-10 13:44:52 - INFO - [evolution.py:394] - 생성된 질문 유형: original             | input: 고양시 도서관 정회원이 되려면, 준회원에서 정회원으로 업그레이드하는 과정을 거친다면 어떤 서류와 절차가 필요
2026-03-10 13:44:52 - INFO - [evolution.py:394] - 생성된 질문 유형: original             | input: 만 14세 미만 아이핀(I-PIN)만으로 안전하게 가입 가능한 주요 어린이용 웹사이트 예시는?
2026-03-10 13:44:52 - INFO - [evolution.py:394] - 생성된 질문 유형: original             | input: 특정 조건 하의 사람들이 회원증을 대리 발급받을 수 있는데, 이들은 누구이며 어떤 서류가 필요할까요? 상황에
2026-03-10 13:44:52 - INFO - [evolution.py:394] - 생성된 질문 유형: original             | input: 새로운 프로그램에서 경기도 거주자, 직장인, 재학생 정회원 자격에 지역 기여 활동 경험이 필수 요건으로 포함
2026-03-10 13:44:52 - INFO - [evolution.py:394] - 생성된 질문 유형: original             | input: 각 대상 그룹(아동, 어르신, 장애인, 임산부)이 도서관 특별 이용 혜택을 받기 위해 필요한 서류와 절차를 
2026-03-10 13:44:52 - INFO - [evolution.py:462] - [청크 1/13] 10개 저장 완료 (누적: 10개) → ../synthetic_data/synthetic_goldens_evolution.jsonl.jsonl
2026-03-10 13:44:52 - INFO - [evolution.py:470] - 
=== 첫 번째 Golden 미리보기 ===
Input: 가족회원 등록 시 가족임을 증명할 수 있는 서류는 무엇이며, 정회원 가입은 필수인가요?
Expected Output: 가족회원 등록 시 가족임을 증명할 수 있는 서류는 주민등록등본 또는 가족관계증명서입니다. 정회원 가입은 필수이며, 가족구성원 모두가 정회원으로 가입한 후 해당 서류를 지참하여 도서관을 방문해야 합니다.
Context: ['Q: 가족회원이 무엇인가요?\nA: 가족회원이란, 고양시 도서관 정회원으로 가입 후 가족회원으로 등록 시 가족명의로 도서대출·도서예약·상호대차 동일하게 이용가능한 서비스입니다.\n※ 가족명의 이용 시 자료실 안내데스크에 반드시 본인 회원증을 제시하여야 함(가족 회원증으로 대출 불가)\n가족회원 등록방법\n가족구성원 모두 정회원 가입 후 가족임을 증명할 수 있는 서류(주민등록등본 또는 가족관계증명서) 지참하여 도서관 방문']
2026-03-10 13:44:52 - INFO - [evolution.py:434] - [청크 2/13] 컨텍스트 10개 처리 시작
2026-03-10 13:45:47 - INFO - [evolution.py:394] - 생성된 질문 유형: original             | input: 추가 인증 도입 시, 회원증 방문 발급에 필요한 새로운 증빙 서류는 무엇일까요? (최대 15단어)
2026-03-10 13:45:47 - INFO - [evolution.py:394] - 생성된 질문 유형: original             | input: 스마트 도서관에서 전자 도서와 디지털 자료 검색은 어떤 구체적인 탭을 통해 이루어질 수 있나요?
2026-03-10 13:45:47 - INFO - [evolution.py:394] - 생성된 질문 유형: original             | input: 고양시도서관센터 회원증으로 시립도서관과 모든 공립작은도서관의 도서 및 서비스 이용 가능 여부?
2026-03-10 13:45:47 - INFO - [evolution.py:394] - 생성된 질문 유형: original             | input: 다른 시립도서관에 반납 시, 책의 통합 관리 시스템에 오류가 생기고 추가적인 처리 비용이 발생할 수 있나요?
2026-03-10 13:45:47 - INFO - [evolution.py:394] - 생성된 질문 유형: original             | input: 사립 작은도서관 등록을 위한 구체적인 서류 양식과 온라인 제출 절차는 도서관센터 홈페이지의 '사립작은도서관 
2026-03-10 13:45:47 - INFO - [evolution.py:394] - 생성된 질문 유형: original             | input: 스마트 도서관 책은 왜 특정 대출 기기에만 반납해야 하며, 다른 장소로의 반납이 불가능한 이유는 무엇인가요?
2026-03-10 13:45:47 - INFO - [evolution.py:394] - 생성된 질문 유형: original             | input: 사립 작은도서관 등록을 위한 최소 면적(33㎡ 이상, 특정 공간 제외), 자료 수(1,000점 이상), 그리
2026-03-10 13:45:47 - INFO - [evolution.py:394] - 생성된 질문 유형: original             | input: 고양시도서관센터 회원증 소지 여부와 각 역 주변 스마트 도서관(지축, 삼송, 원마, 화정, 고양시청)의 대출
2026-03-10 13:45:47 - INFO - [evolution.py:394] - 생성된 질문 유형: original             | input: 고양시에 새로운 사립 작은도서관이 설립될 경우, 지역 단체와 개인이 각기 다른 운영 모델을 채택할 수 있습니
2026-03-10 13:45:47 - INFO - [evolution.py:394] - 생성된 질문 유형: original             | input: 관산 지역의 '○○작은도서관' 이름을 정하고, 이 이름이 지역 문화 활동 촉진과 연계될 때 예상되는 영향력을
2026-03-10 13:45:47 - INFO - [evolution.py:462] - [청크 2/13] 10개 저장 완료 (누적: 20개) → ../synthetic_data/synthetic_goldens_evolution.jsonl.jsonl
2026-03-10 13:45:47 - INFO - [evolution.py:434] - [청크 3/13] 컨텍스트 10개 처리 시작
